<?xml version="1.0" encoding="UTF-8"?>
<!-- Generated by org.testng.reporters.JUnitReportReporter -->
<testsuite skipped="0" hostname="DESKTOP-7GJN0PD" name="ProjectLibrary.Login" tests="1" failures="0" timestamp="08 May 2023 14:37:09 GMT" time="11.295" errors="0">
  <testcase name="login" time="11.295" classname="ProjectLibrary.Login"/>
</testsuite> <!-- ProjectLibrary.Login -->
