<?xml version="1.0" encoding="UTF-8"?>
<!-- Generated by org.testng.reporters.JUnitReportReporter -->
<testsuite hostname="DESKTOP-NTFA92S" failures="0" tests="1" name="ProjectLibrary.DeleteApp$Studio" time="10.467" errors="0" timestamp="2024-10-23T21:12:34 IST" skipped="0">
  <testcase classname="ProjectLibrary.DeleteApp$Studio" name="login" time="10.467"/>
  <system-out/>
</testsuite> <!-- ProjectLibrary.DeleteApp$Studio -->
